mkdir -p build
echo "Created build directory: build"
mkdir -p build # Create parent directories for the object file if they don't exist
echo "Compiling src/HttpResponse.cpp..."
c++ -Wall -Wextra -Werror -std=c++17 -g -Iincludes -c src/HttpResponse.cpp -o build/HttpResponse.o -MMD -MP
mkdir -p build # Create parent directories for the object file if they don't exist
echo "Compiling src/UtilsParsing.cpp..."
c++ -Wall -Wextra -Werror -std=c++17 -g -Iincludes -c src/UtilsParsing.cpp -o build/UtilsParsing.o -MMD -MP
mkdir -p build # Create parent directories for the object file if they don't exist
echo "Compiling src/Parsing.cpp..."
c++ -Wall -Wextra -Werror -std=c++17 -g -Iincludes -c src/Parsing.cpp -o build/Parsing.o -MMD -MP
mkdir -p build # Create parent directories for the object file if they don't exist
echo "Compiling src/Client.cpp..."
c++ -Wall -Wextra -Werror -std=c++17 -g -Iincludes -c src/Client.cpp -o build/Client.o -MMD -MP
mkdir -p build # Create parent directories for the object file if they don't exist
echo "Compiling src/epoll.cpp..."
c++ -Wall -Wextra -Werror -std=c++17 -g -Iincludes -c src/epoll.cpp -o build/epoll.o -MMD -MP
mkdir -p build # Create parent directories for the object file if they don't exist
echo "Compiling src/HttpRequestParsing.cpp..."
c++ -Wall -Wextra -Werror -std=c++17 -g -Iincludes -c src/HttpRequestParsing.cpp -o build/HttpRequestParsing.o -MMD -MP
mkdir -p build # Create parent directories for the object file if they don't exist
echo "Compiling src/Chunked.cpp..."
c++ -Wall -Wextra -Werror -std=c++17 -g -Iincludes -c src/Chunked.cpp -o build/Chunked.o -MMD -MP
mkdir -p build # Create parent directories for the object file if they don't exist
echo "Compiling src/Cgi.cpp..."
c++ -Wall -Wextra -Werror -std=c++17 -g -Iincludes -c src/Cgi.cpp -o build/Cgi.o -MMD -MP
mkdir -p build # Create parent directories for the object file if they don't exist
echo "Compiling src/Server.cpp..."
c++ -Wall -Wextra -Werror -std=c++17 -g -Iincludes -c src/Server.cpp -o build/Server.o -MMD -MP
mkdir -p build # Create parent directories for the object file if they don't exist
echo "Compiling src/LocationBlock.cpp..."
c++ -Wall -Wextra -Werror -std=c++17 -g -Iincludes -c src/LocationBlock.cpp -o build/LocationBlock.o -MMD -MP
mkdir -p build # Create parent directories for the object file if they don't exist
echo "Compiling src/main.cpp..."
c++ -Wall -Wextra -Werror -std=c++17 -g -Iincludes -c src/main.cpp -o build/main.o -MMD -MP
mkdir -p build # Create parent directories for the object file if they don't exist
echo "Compiling src/HttpRequest.cpp..."
c++ -Wall -Wextra -Werror -std=c++17 -g -Iincludes -c src/HttpRequest.cpp -o build/HttpRequest.o -MMD -MP
mkdir -p build # Create parent directories for the object file if they don't exist
echo "Compiling src/ServerBlock.cpp..."
c++ -Wall -Wextra -Werror -std=c++17 -g -Iincludes -c src/ServerBlock.cpp -o build/ServerBlock.o -MMD -MP
mkdir -p build # Create parent directories for the object file if they don't exist
echo "Compiling src/Utils.cpp..."
c++ -Wall -Wextra -Werror -std=c++17 -g -Iincludes -c src/Utils.cpp -o build/Utils.o -MMD -MP
echo "Linking webserv..."
c++ build/HttpResponse.o build/UtilsParsing.o build/Parsing.o build/Client.o build/epoll.o build/HttpRequestParsing.o build/Chunked.o build/Cgi.o build/Server.o build/LocationBlock.o build/main.o build/HttpRequest.o build/ServerBlock.o build/Utils.o -o webserv
echo "Build complete: webserv created."
